----------------------------------------------------------------------------------------------------------
      name:  <unnamed>
       log:  C:\Users\USER\Documents\Migrations\data\predict\sum_TRAR__Coal_f_p_P_migr_lin_var_oldpredict1
> 861.log
  log type:  text
 opened on:   4 Mar 2017, 18:55:18

. use "C:\Users\USER\Documents\Migrations\data\predict\TRAR__Coal_f_p_P_migr_lin_var_oldpredict1861.dta",c
> lear
(drop)

. do "C:\Users\USER\Documents\Migrations\data\predict\\pearson.do"

.  keep if cylin==1
(0 observations deleted)

.  sort annee_obs

.  by annee_obs: egen pearsonstat=sum((ef_obs_predict-ef_obs)^2/ef_obs_predict)

.  
. 
end of do-file

. sum ef_obs ef_obs_predict ef_obs_counterfactual_ori0 ef_obs_counterfactual_dest0 ef_obs_counterfactual_d
> eor0 pearsonstat if annee_obs==1861 & cylin==1 

    Variable |       Obs        Mean    Std. Dev.       Min        Max
-------------+--------------------------------------------------------
      ef_obs |        81    .3104938    .0605839       .205       .478
ef_obs_pre~t |        81    .3078596    .0449436   .2441812   .4588401
ef_obs_co~i0 |        81    .3078596    .0449436   .2441812   .4588401
ef_obs_co~t0 |        81    .3078596    .0449436   .2441812   .4588401
ef_obs_co~r0 |        81    .3078596    .0449436   .2441812   .4588401
-------------+--------------------------------------------------------
 pearsonstat |        81    .4768992           0   .4768992   .4768992

. sum ef_obs ef_obs_predict ef_obs_counterfactual_ori0 ef_obs_counterfactual_dest0 ef_obs_counterfactual_d
> eor0 pearsonstat if annee_obs==1871 & cylin==1 

    Variable |       Obs        Mean    Std. Dev.       Min        Max
-------------+--------------------------------------------------------
      ef_obs |        81    .2871358    .0632024       .175         .5
ef_obs_pre~t |        81    .2825332    .0343064   .2254485   .3991342
ef_obs_co~i0 |        81    .2980043     .036444   .2428848     .42499
ef_obs_co~t0 |        81    .3027934    .0358459   .2488052   .4056248
ef_obs_co~r0 |        81    .3181692    .0369118   .2641421   .4314727
-------------+--------------------------------------------------------
 pearsonstat |        81    .7225593           0   .7225593   .7225593

. sum ef_obs ef_obs_predict ef_obs_counterfactual_ori0 ef_obs_counterfactual_dest0 ef_obs_counterfactual_d
> eor0 pearsonstat if annee_obs==1881 & cylin==1 

    Variable |       Obs        Mean    Std. Dev.       Min        Max
-------------+--------------------------------------------------------
      ef_obs |        81        .293    .0647916       .195       .566
ef_obs_pre~t |        81    .2885405    .0331825    .245111    .413491
ef_obs_co~i0 |        81    .3001782    .0370755   .2567365   .4313193
ef_obs_co~t0 |        81    .3033065    .0361189   .2571258   .4221654
ef_obs_co~r0 |        81    .3147278    .0399478   .2658317   .4448687
-------------+--------------------------------------------------------
 pearsonstat |        81    .8001415           0   .8001415   .8001415

. sum ef_obs ef_obs_predict ef_obs_counterfactual_ori0 ef_obs_counterfactual_dest0 ef_obs_counterfactual_d
> eor0 pearsonstat if annee_obs==1891 & cylin==1 

    Variable |       Obs        Mean    Std. Dev.       Min        Max
-------------+--------------------------------------------------------
      ef_obs |        81    .2537037    .0488604        .16       .446
ef_obs_pre~t |        81    .2504595    .0238351   .2093633   .3408307
ef_obs_co~i0 |        81    .2851728         .03   .2436247   .4013275
ef_obs_co~t0 |        81    .2717099    .0280153   .2288995   .3512914
ef_obs_co~r0 |        81    .3074867    .0348586    .266345   .4318345
-------------+--------------------------------------------------------
 pearsonstat |        81    .5502143           0   .5502143   .5502143

. sum ef_obs ef_obs_predict ef_obs_counterfactual_ori0 ef_obs_counterfactual_dest0 ef_obs_counterfactual_d
> eor0 pearsonstat if annee_obs==1901 & cylin==1 

    Variable |       Obs        Mean    Std. Dev.       Min        Max
-------------+--------------------------------------------------------
      ef_obs |        81    .2536173    .0429536       .179       .416
ef_obs_pre~t |        81    .2511918    .0217689   .2222135   .3442737
ef_obs_co~i0 |        81    .2850536    .0273534   .2476248   .4023223
ef_obs_co~t0 |        81    .2719507    .0258174   .2340702   .3542565
ef_obs_co~r0 |        81    .3062274     .032103   .2609185    .427995
-------------+--------------------------------------------------------
 pearsonstat |        81    .5264425           0   .5264425   .5264425

. sum ef_obs ef_obs_predict ef_obs_counterfactual_ori0 ef_obs_counterfactual_dest0 ef_obs_counterfactual_d
> eor0 pearsonstat if annee_obs==1911 & cylin==1 

    Variable |       Obs        Mean    Std. Dev.       Min        Max
-------------+--------------------------------------------------------
      ef_obs |        81    .2437037    .0366587       .158       .339
ef_obs_pre~t |        81    .2413906    .0141424   .1998015   .2768387
ef_obs_co~i0 |        81    .2816204    .0196182   .2472411   .3529106
ef_obs_co~t0 |        81    .2610103    .0175415   .2210391   .3229704
ef_obs_co~r0 |        81    .3012426    .0257497    .259665   .4033798
-------------+--------------------------------------------------------
 pearsonstat |        81    .4167732           0   .4167732   .4167732

. log close
      name:  <unnamed>
       log:  C:\Users\USER\Documents\Migrations\data\predict\sum_TRAR__Coal_f_p_P_migr_lin_var_oldpredict1
> 861.log
  log type:  text
 closed on:   4 Mar 2017, 18:55:18
----------------------------------------------------------------------------------------------------------
