----------------------------------------------------------------------------------------------------------
      name:  <unnamed>
       log:  C:\Users\USER\Documents\Migrations\data\predict\sum_TRAR__Coal_f_o_P_migr_lin_var_oldpredict1
> 861.log
  log type:  text
 opened on:   4 Mar 2017, 18:55:18

. use "C:\Users\USER\Documents\Migrations\data\predict\TRAR__Coal_f_o_P_migr_lin_var_oldpredict1861.dta",c
> lear
(drop)

. do "C:\Users\USER\Documents\Migrations\data\predict\\pearson.do"

.  keep if cylin==1
(0 observations deleted)

.  sort annee_obs

.  by annee_obs: egen pearsonstat=sum((ef_obs_predict-ef_obs)^2/ef_obs_predict)

.  
. 
end of do-file

. sum ef_obs ef_obs_predict ef_obs_counterfactual_ori0 ef_obs_counterfactual_dest0 ef_obs_counterfactual_d
> eor0 pearsonstat if annee_obs==1861 & cylin==1 

    Variable |       Obs        Mean    Std. Dev.       Min        Max
-------------+--------------------------------------------------------
      ef_obs |        81    .3104938    .0605839       .205       .478
ef_obs_pre~t |        81    .3077858    .0441109   .2371115   .4577278
ef_obs_co~i0 |        81    .3077858    .0441109   .2371115   .4577278
ef_obs_co~t0 |        81    .3077858    .0441109   .2371115   .4577278
ef_obs_co~r0 |        81    .3077858    .0441109   .2371115   .4577278
-------------+--------------------------------------------------------
 pearsonstat |        81    .5118416           0   .5118416   .5118416

. sum ef_obs ef_obs_predict ef_obs_counterfactual_ori0 ef_obs_counterfactual_dest0 ef_obs_counterfactual_d
> eor0 pearsonstat if annee_obs==1871 & cylin==1 

    Variable |       Obs        Mean    Std. Dev.       Min        Max
-------------+--------------------------------------------------------
      ef_obs |        81    .2871358    .0632024       .175         .5
ef_obs_pre~t |        81    .2820518     .029465   .2283377   .3688378
ef_obs_co~i0 |        81    .2828922    .0316498   .2311245   .3944584
ef_obs_co~t0 |        81    .2935934    .0317908   .2359473   .3805407
ef_obs_co~r0 |        81    .2912158    .0325879   .2351262   .4016947
-------------+--------------------------------------------------------
 pearsonstat |        81    .7466983           0   .7466983   .7466983

. sum ef_obs ef_obs_predict ef_obs_counterfactual_ori0 ef_obs_counterfactual_dest0 ef_obs_counterfactual_d
> eor0 pearsonstat if annee_obs==1881 & cylin==1 

    Variable |       Obs        Mean    Std. Dev.       Min        Max
-------------+--------------------------------------------------------
      ef_obs |        81        .293    .0647916       .195       .566
ef_obs_pre~t |        81    .2882293    .0298209   .2419611    .407581
ef_obs_co~i0 |        81    .2841319    .0330897   .2344363   .4111508
ef_obs_co~t0 |        81     .298524     .033495   .2463996    .411605
ef_obs_co~r0 |        81     .291758    .0345029   .2382643   .4152101
-------------+--------------------------------------------------------
 pearsonstat |        81     .794486           0    .794486    .794486

. sum ef_obs ef_obs_predict ef_obs_counterfactual_ori0 ef_obs_counterfactual_dest0 ef_obs_counterfactual_d
> eor0 pearsonstat if annee_obs==1891 & cylin==1 

    Variable |       Obs        Mean    Std. Dev.       Min        Max
-------------+--------------------------------------------------------
      ef_obs |        81    .2537037    .0488604        .16       .446
ef_obs_pre~t |        81    .2500487    .0186696   .2251805   .3060964
ef_obs_co~i0 |        81    .2527339     .025902   .2102116    .352902
ef_obs_co~t0 |        81    .2659909    .0236101   .2183327   .3398999
ef_obs_co~r0 |        81    .2634705     .027627   .2143924   .3720688
-------------+--------------------------------------------------------
 pearsonstat |        81    .5552908           0   .5552908   .5552908

. sum ef_obs ef_obs_predict ef_obs_counterfactual_ori0 ef_obs_counterfactual_dest0 ef_obs_counterfactual_d
> eor0 pearsonstat if annee_obs==1901 & cylin==1 

    Variable |       Obs        Mean    Std. Dev.       Min        Max
-------------+--------------------------------------------------------
      ef_obs |        81    .2536173    .0429536       .179       .416
ef_obs_pre~t |        81    .2507928    .0159373   .2285655   .3161486
ef_obs_co~i0 |        81     .252159    .0244038   .2079284   .3630541
ef_obs_co~t0 |        81    .2699114    .0214003   .2185763   .3454904
ef_obs_co~r0 |        81    .2645588    .0258879   .2144456   .3729517
-------------+--------------------------------------------------------
 pearsonstat |        81    .5526522           0   .5526522   .5526522

. sum ef_obs ef_obs_predict ef_obs_counterfactual_ori0 ef_obs_counterfactual_dest0 ef_obs_counterfactual_d
> eor0 pearsonstat if annee_obs==1911 & cylin==1 

    Variable |       Obs        Mean    Std. Dev.       Min        Max
-------------+--------------------------------------------------------
      ef_obs |        81    .2437037    .0366587       .158       .339
ef_obs_pre~t |        81    .2411358    .0086986   .2167032   .2720944
ef_obs_co~i0 |        81     .247149    .0191376   .2170039   .3426378
ef_obs_co~t0 |        81    .2637113    .0154158   .2308869   .3209619
ef_obs_co~r0 |        81    .2606687    .0211119   .2270144   .3640731
-------------+--------------------------------------------------------
 pearsonstat |        81    .4670212           0   .4670212   .4670212

. log close
      name:  <unnamed>
       log:  C:\Users\USER\Documents\Migrations\data\predict\sum_TRAR__Coal_f_o_P_migr_lin_var_oldpredict1
> 861.log
  log type:  text
 closed on:   4 Mar 2017, 18:55:18
----------------------------------------------------------------------------------------------------------
