----------------------------------------------------------------------------------------------------------
      name:  <unnamed>
       log:  C:\Users\USER\Documents\Migrations\data\predict\sum_TRAR__Coal_t_o_P_migr_lin_var_oldpredict1
> 861.log
  log type:  text
 opened on:   4 Mar 2017, 18:55:18

. use "C:\Users\USER\Documents\Migrations\data\predict\TRAR__Coal_t_o_P_migr_lin_var_oldpredict1861.dta",c
> lear
(drop)

. do "C:\Users\USER\Documents\Migrations\data\predict\\pearson.do"

.  keep if cylin==1
(0 observations deleted)

.  sort annee_obs

.  by annee_obs: egen pearsonstat=sum((ef_obs_predict-ef_obs)^2/ef_obs_predict)

.  
. 
end of do-file

. sum ef_obs ef_obs_predict ef_obs_counterfactual_ori0 ef_obs_counterfactual_dest0 ef_obs_counterfactual_d
> eor0 pearsonstat if annee_obs==1861 & cylin==1 

    Variable |       Obs        Mean    Std. Dev.       Min        Max
-------------+--------------------------------------------------------
      ef_obs |        81    .3104938    .0605839       .205       .478
ef_obs_pre~t |        81    .3082962    .0491085   .2382635   .5156573
ef_obs_co~i0 |        81    .3082962    .0491085   .2382635   .5156573
ef_obs_co~t0 |        81    .3082962    .0491085   .2382635   .5156573
ef_obs_co~r0 |        81    .3082962    .0491085   .2382635   .5156573
-------------+--------------------------------------------------------
 pearsonstat |        81    .5930684           0   .5930684   .5930684

. sum ef_obs ef_obs_predict ef_obs_counterfactual_ori0 ef_obs_counterfactual_dest0 ef_obs_counterfactual_d
> eor0 pearsonstat if annee_obs==1871 & cylin==1 

    Variable |       Obs        Mean    Std. Dev.       Min        Max
-------------+--------------------------------------------------------
      ef_obs |        81    .2871358    .0632024       .175         .5
ef_obs_pre~t |        81    .2825527    .0348192   .2318615   .4219327
ef_obs_co~i0 |        81     .282992    .0385002   .2339823   .4566008
ef_obs_co~t0 |        81    .2975697    .0372942   .2441154   .4274308
ef_obs_co~r0 |        81    .2953646    .0397186    .240022   .4625507
-------------+--------------------------------------------------------
 pearsonstat |        81    .8865033           0   .8865033   .8865033

. sum ef_obs ef_obs_predict ef_obs_counterfactual_ori0 ef_obs_counterfactual_dest0 ef_obs_counterfactual_d
> eor0 pearsonstat if annee_obs==1881 & cylin==1 

    Variable |       Obs        Mean    Std. Dev.       Min        Max
-------------+--------------------------------------------------------
      ef_obs |        81        .293    .0647916       .195       .566
ef_obs_pre~t |        81    .2885978    .0340917   .2388395   .4503594
ef_obs_co~i0 |        81    .2831541    .0392709   .2287122   .4698665
ef_obs_co~t0 |        81    .3017745    .0377308   .2391853   .4558092
ef_obs_co~r0 |        81    .2940853    .0415273   .2290434   .4755523
-------------+--------------------------------------------------------
 pearsonstat |        81    .9418532           0   .9418532   .9418532

. sum ef_obs ef_obs_predict ef_obs_counterfactual_ori0 ef_obs_counterfactual_dest0 ef_obs_counterfactual_d
> eor0 pearsonstat if annee_obs==1891 & cylin==1 

    Variable |       Obs        Mean    Std. Dev.       Min        Max
-------------+--------------------------------------------------------
      ef_obs |        81    .2537037    .0488604        .16       .446
ef_obs_pre~t |        81    .2503206    .0223805   .2175916   .3377255
ef_obs_co~i0 |        81    .2519898      .03151   .2081938   .4023855
ef_obs_co~t0 |        81    .2715944    .0279316   .2197418   .3639156
ef_obs_co~r0 |        81    .2690612    .0351253   .2097356   .4178905
-------------+--------------------------------------------------------
 pearsonstat |        81     .632632           0    .632632    .632632

. sum ef_obs ef_obs_predict ef_obs_counterfactual_ori0 ef_obs_counterfactual_dest0 ef_obs_counterfactual_d
> eor0 pearsonstat if annee_obs==1901 & cylin==1 

    Variable |       Obs        Mean    Std. Dev.       Min        Max
-------------+--------------------------------------------------------
      ef_obs |        81    .2536173    .0429536       .179       .416
ef_obs_pre~t |        81    .2510655    .0202951    .222279   .3512799
ef_obs_co~i0 |        81    .2501025    .0304417   .2109319   .4178401
ef_obs_co~t0 |        81    .2766237    .0258191    .226718    .367274
ef_obs_co~r0 |        81    .2700766    .0339577    .212812   .4341328
-------------+--------------------------------------------------------
 pearsonstat |        81    .6443797           0   .6443797   .6443797

. sum ef_obs ef_obs_predict ef_obs_counterfactual_ori0 ef_obs_counterfactual_dest0 ef_obs_counterfactual_d
> eor0 pearsonstat if annee_obs==1911 & cylin==1 

    Variable |       Obs        Mean    Std. Dev.       Min        Max
-------------+--------------------------------------------------------
      ef_obs |        81    .2437037    .0366587       .158       .339
ef_obs_pre~t |        81    .2412319    .0112558   .2158194   .2929015
ef_obs_co~i0 |        81    .2441026    .0233928   .2129605   .3721853
ef_obs_co~t0 |        81     .271982    .0178184   .2386613   .3449947
ef_obs_co~r0 |        81    .2675121    .0284261   .2208556   .4015323
-------------+--------------------------------------------------------
 pearsonstat |        81    .5576205           0   .5576205   .5576205

. log close
      name:  <unnamed>
       log:  C:\Users\USER\Documents\Migrations\data\predict\sum_TRAR__Coal_t_o_P_migr_lin_var_oldpredict1
> 861.log
  log type:  text
 closed on:   4 Mar 2017, 18:55:18
----------------------------------------------------------------------------------------------------------
