----------------------------------------------------------------------------------------------------------
      name:  <unnamed>
       log:  C:\Users\USER\Documents\Migrations\data\predict\sum_TRAR__Coal_t_p_P_migr_lin_var_oldpredict1
> 861.log
  log type:  text
 opened on:   4 Mar 2017, 18:55:18

. use "C:\Users\USER\Documents\Migrations\data\predict\TRAR__Coal_t_p_P_migr_lin_var_oldpredict1861.dta",c
> lear
(drop)

. do "C:\Users\USER\Documents\Migrations\data\predict\\pearson.do"

.  keep if cylin==1
(0 observations deleted)

.  sort annee_obs

.  by annee_obs: egen pearsonstat=sum((ef_obs_predict-ef_obs)^2/ef_obs_predict)

.  
. 
end of do-file

. sum ef_obs ef_obs_predict ef_obs_counterfactual_ori0 ef_obs_counterfactual_dest0 ef_obs_counterfactual_d
> eor0 pearsonstat if annee_obs==1861 & cylin==1 

    Variable |       Obs        Mean    Std. Dev.       Min        Max
-------------+--------------------------------------------------------
      ef_obs |        81    .3104938    .0605839       .205       .478
ef_obs_pre~t |        81     .307871    .0451339   .2436547   .4593353
ef_obs_co~i0 |        81     .307871    .0451339   .2436547   .4593353
ef_obs_co~t0 |        81     .307871    .0451339   .2436547   .4593353
ef_obs_co~r0 |        81     .307871    .0451339   .2436547   .4593353
-------------+--------------------------------------------------------
 pearsonstat |        81    .5034139           0   .5034139   .5034139

. sum ef_obs ef_obs_predict ef_obs_counterfactual_ori0 ef_obs_counterfactual_dest0 ef_obs_counterfactual_d
> eor0 pearsonstat if annee_obs==1871 & cylin==1 

    Variable |       Obs        Mean    Std. Dev.       Min        Max
-------------+--------------------------------------------------------
      ef_obs |        81    .2871358    .0632024       .175         .5
ef_obs_pre~t |        81    .2826089    .0352812   .2277129    .419475
ef_obs_co~i0 |        81    .2943344    .0371706   .2406357   .4379554
ef_obs_co~t0 |        81    .3055466    .0365128   .2513503   .4236331
ef_obs_co~r0 |        81    .3171676    .0378062   .2630568   .4422967
-------------+--------------------------------------------------------
 pearsonstat |        81    .7636386           0   .7636386   .7636386

. sum ef_obs ef_obs_predict ef_obs_counterfactual_ori0 ef_obs_counterfactual_dest0 ef_obs_counterfactual_d
> eor0 pearsonstat if annee_obs==1881 & cylin==1 

    Variable |       Obs        Mean    Std. Dev.       Min        Max
-------------+--------------------------------------------------------
      ef_obs |        81        .293    .0647916       .195       .566
ef_obs_pre~t |        81    .2886125    .0340668   .2439454   .4275432
ef_obs_co~i0 |        81    .2971757    .0374935   .2532097   .4448548
ef_obs_co~t0 |        81    .3054518    .0374074   .2551111   .4320351
ef_obs_co~r0 |        81    .3137725    .0407247   .2641045   .4495286
-------------+--------------------------------------------------------
 pearsonstat |        81    .8488525           0   .8488525   .8488525

. sum ef_obs ef_obs_predict ef_obs_counterfactual_ori0 ef_obs_counterfactual_dest0 ef_obs_counterfactual_d
> eor0 pearsonstat if annee_obs==1891 & cylin==1 

    Variable |       Obs        Mean    Std. Dev.       Min        Max
-------------+--------------------------------------------------------
      ef_obs |        81    .2537037    .0488604        .16       .446
ef_obs_pre~t |        81     .250527    .0247795   .2100569    .357324
ef_obs_co~i0 |        81    .2771076    .0300995   .2342421   .4091535
ef_obs_co~t0 |        81      .27592    .0297682   .2332396   .3671994
ef_obs_co~r0 |        81    .3034993    .0356931   .2617583   .4277252
-------------+--------------------------------------------------------
 pearsonstat |        81     .589009           0    .589009    .589009

. sum ef_obs ef_obs_predict ef_obs_counterfactual_ori0 ef_obs_counterfactual_dest0 ef_obs_counterfactual_d
> eor0 pearsonstat if annee_obs==1901 & cylin==1 

    Variable |       Obs        Mean    Std. Dev.       Min        Max
-------------+--------------------------------------------------------
      ef_obs |        81    .2536173    .0429536       .179       .416
ef_obs_pre~t |        81    .2512375     .022521   .2198025   .3579938
ef_obs_co~i0 |        81    .2759962    .0273282   .2379407   .4079743
ef_obs_co~t0 |        81    .2774854    .0277519   .2341951   .3692125
ef_obs_co~r0 |        81     .302692    .0332979   .2566357    .424283
-------------+--------------------------------------------------------
 pearsonstat |        81    .5645103           0   .5645103   .5645103

. sum ef_obs ef_obs_predict ef_obs_counterfactual_ori0 ef_obs_counterfactual_dest0 ef_obs_counterfactual_d
> eor0 pearsonstat if annee_obs==1911 & cylin==1 

    Variable |       Obs        Mean    Std. Dev.       Min        Max
-------------+--------------------------------------------------------
      ef_obs |        81    .2437037    .0366587       .158       .339
ef_obs_pre~t |        81    .2413652    .0136942   .2046428   .2809023
ef_obs_co~i0 |        81    .2698928    .0181669   .2374023   .3406402
ef_obs_co~t0 |        81    .2681913    .0193779   .2326257    .339047
ef_obs_co~r0 |        81    .2970341    .0272685   .2546843   .4003348
-------------+--------------------------------------------------------
 pearsonstat |        81    .4559481           0   .4559481   .4559481

. log close
      name:  <unnamed>
       log:  C:\Users\USER\Documents\Migrations\data\predict\sum_TRAR__Coal_t_p_P_migr_lin_var_oldpredict1
> 861.log
  log type:  text
 closed on:   4 Mar 2017, 18:55:18
----------------------------------------------------------------------------------------------------------
