--------------------------------------------------------------------------------------------
      name:  <unnamed>
       log:  C:\Users\USER\Documents\Migrations\data\predict\sum_TRAR_t_o_P_migr_lin_varbadc
> ontrols_counterfactual1861.log
  log type:  text
 opened on:  18 Oct 2014, 13:42:45

. use "C:\Users\USER\Documents\Migrations\data\predict\TRAR_t_o_P_migr_lin_varbadcontrols_co
> unterfactual1861\TRAR_predict1861.dta", clear
(data TRAR sexe t paris P instrument o pondŽration lin norme migr)

. do "C:\Users\USER\Documents\Migrations\data\predict\summary statistics counterfactual\pear
> son.do"

.  keep if cylin==1
(53 observations deleted)

.  sort annee_obs

.  by annee_obs: egen pearsonstat=sum((ef_obs_predict-ef_obs)^2/ef_obs_predict)

.  
. 
end of do-file

. sum ef_obs ef_obs_predict ef_obs_counterfactual_ori0 ef_obs_counterfactual_dest0 ef_obs_co
> unterfactual_deor0 pearsonstat if annee_obs==1861 & cylin==1 

    Variable |       Obs        Mean    Std. Dev.       Min        Max
-------------+--------------------------------------------------------
      ef_obs |        81    .3104938    .0605839       .205       .478
ef_obs_pre~t |        81    .3080563    .0467305    .237263   .4899265
ef_obs_co~i0 |        81    .3080563    .0467305    .237263   .4899265
ef_obs_co~t0 |        81    .3080563    .0467305    .237263   .4899265
ef_obs_co~r0 |        81    .3080563    .0467305    .237263   .4899265
-------------+--------------------------------------------------------
 pearsonstat |        81    .5582097           0   .5582097   .5582097

. sum ef_obs ef_obs_predict ef_obs_counterfactual_ori0 ef_obs_counterfactual_dest0 ef_obs_co
> unterfactual_deor0 pearsonstat if annee_obs==1871 & cylin==1 

    Variable |       Obs        Mean    Std. Dev.       Min        Max
-------------+--------------------------------------------------------
      ef_obs |        81    .2871358    .0632024       .175         .5
ef_obs_pre~t |        81    .2823074    .0321609   .2314889   .3956599
ef_obs_co~i0 |        81    .2801805    .0344959   .2341219   .4287525
ef_obs_co~t0 |        81    .2961328    .0337684     .24358   .4039204
ef_obs_co~r0 |        81    .2939063    .0361958   .2437861   .4377038
-------------+--------------------------------------------------------
 pearsonstat |        81    .8388399           0   .8388399   .8388399

. sum ef_obs ef_obs_predict ef_obs_counterfactual_ori0 ef_obs_counterfactual_dest0 ef_obs_co
> unterfactual_deor0 pearsonstat if annee_obs==1881 & cylin==1 

    Variable |       Obs        Mean    Std. Dev.       Min        Max
-------------+--------------------------------------------------------
      ef_obs |        81        .293    .0647916       .195       .566
ef_obs_pre~t |        81     .288366    .0314004   .2438888   .4240848
ef_obs_co~i0 |        81    .2811507    .0348864   .2332639   .4421797
ef_obs_co~t0 |        81    .3010623    .0339416   .2449275   .4352697
ef_obs_co~r0 |        81    .2935461    .0375119   .2342574    .453842
-------------+--------------------------------------------------------
 pearsonstat |        81    .8798749           0   .8798749   .8798749

. sum ef_obs ef_obs_predict ef_obs_counterfactual_ori0 ef_obs_counterfactual_dest0 ef_obs_co
> unterfactual_deor0 pearsonstat if annee_obs==1891 & cylin==1 

    Variable |       Obs        Mean    Std. Dev.       Min        Max
-------------+--------------------------------------------------------
      ef_obs |        81    .2537037    .0488604        .16       .446
ef_obs_pre~t |        81    .2501409    .0199074   .2198995   .3125369
ef_obs_co~i0 |        81    .2478883    .0267355   .2118523   .3792873
ef_obs_co~t0 |        81    .2689294    .0234395   .2243332   .3292581
ef_obs_co~r0 |        81    .2665615    .0306764   .2136538   .3995797
-------------+--------------------------------------------------------
 pearsonstat |        81    .5778883           0   .5778883   .5778883

. sum ef_obs ef_obs_predict ef_obs_counterfactual_ori0 ef_obs_counterfactual_dest0 ef_obs_co
> unterfactual_deor0 pearsonstat if annee_obs==1901 & cylin==1 

    Variable |       Obs        Mean    Std. Dev.       Min        Max
-------------+--------------------------------------------------------
      ef_obs |        81    .2536173    .0429536       .179       .416
ef_obs_pre~t |        81    .2508531    .0169276   .2247661   .3265454
ef_obs_co~i0 |        81     .245499    .0251869   .2140421   .3922259
ef_obs_co~t0 |        81    .2733329    .0204469   .2322129   .3445453
ef_obs_co~r0 |        81    .2675675    .0292126   .2170502   .4138463
-------------+--------------------------------------------------------
 pearsonstat |        81    .5814227           0   .5814227   .5814227

. sum ef_obs ef_obs_predict ef_obs_counterfactual_ori0 ef_obs_counterfactual_dest0 ef_obs_co
> unterfactual_deor0 pearsonstat if annee_obs==1911 & cylin==1 

    Variable |       Obs        Mean    Std. Dev.       Min        Max
-------------+--------------------------------------------------------
      ef_obs |        81    .2437037    .0366587       .158       .339
ef_obs_pre~t |        81    .2411163    .0081769   .2260762   .2716097
ef_obs_co~i0 |        81    .2381759    .0173217   .2197059   .3501606
ef_obs_co~t0 |        81    .2668049    .0125923    .241889   .2997402
ef_obs_co~r0 |        81    .2636871    .0226706   .2243927   .3833798
-------------+--------------------------------------------------------
 pearsonstat |        81     .493487           0    .493487    .493487

. log close
      name:  <unnamed>
       log:  C:\Users\USER\Documents\Migrations\data\predict\sum_TRAR_t_o_P_migr_lin_varbadc
> ontrols_counterfactual1861.log
  log type:  text
 closed on:  18 Oct 2014, 13:42:45
--------------------------------------------------------------------------------------------
