--------------------------------------------------------------------------------------------
      name:  <unnamed>
       log:  C:\Users\USER\Documents\Migrations\data\predict\sum_TRAR_t_p_P_migr_lin_varbadc
> ontrols_counterfactual1861.log
  log type:  text
 opened on:  18 Oct 2014, 13:42:45

. use "C:\Users\USER\Documents\Migrations\data\predict\TRAR_t_p_P_migr_lin_varbadcontrols_co
> unterfactual1861\TRAR_predict1861.dta", clear
(data TRAR sexe t paris P instrument p pondŽration lin norme migr)

. do "C:\Users\USER\Documents\Migrations\data\predict\summary statistics counterfactual\pear
> son.do"

.  keep if cylin==1
(53 observations deleted)

.  sort annee_obs

.  by annee_obs: egen pearsonstat=sum((ef_obs_predict-ef_obs)^2/ef_obs_predict)

.  
. 
end of do-file

. sum ef_obs ef_obs_predict ef_obs_counterfactual_ori0 ef_obs_counterfactual_dest0 ef_obs_co
> unterfactual_deor0 pearsonstat if annee_obs==1861 & cylin==1 

    Variable |       Obs        Mean    Std. Dev.       Min        Max
-------------+--------------------------------------------------------
      ef_obs |        81    .3104938    .0605839       .205       .478
ef_obs_pre~t |        81    .3076641    .0433098   .2439401   .4512025
ef_obs_co~i0 |        81    .3076641    .0433098   .2439401   .4512025
ef_obs_co~t0 |        81    .3076641    .0433098   .2439401   .4512025
ef_obs_co~r0 |        81    .3076641    .0433098   .2439401   .4512025
-------------+--------------------------------------------------------
 pearsonstat |        81     .485122           0    .485122    .485122

. sum ef_obs ef_obs_predict ef_obs_counterfactual_ori0 ef_obs_counterfactual_dest0 ef_obs_co
> unterfactual_deor0 pearsonstat if annee_obs==1871 & cylin==1 

    Variable |       Obs        Mean    Std. Dev.       Min        Max
-------------+--------------------------------------------------------
      ef_obs |        81    .2871358    .0632024       .175         .5
ef_obs_pre~t |        81    .2824568    .0336088   .2286617   .3979537
ef_obs_co~i0 |        81    .2922366    .0348368   .2394207    .415222
ef_obs_co~t0 |        81     .305403    .0344756   .2519678   .4042637
ef_obs_co~r0 |        81    .3159462    .0354388   .2626253   .4232125
-------------+--------------------------------------------------------
 pearsonstat |        81    .7362779           0   .7362779   .7362779

. sum ef_obs ef_obs_predict ef_obs_counterfactual_ori0 ef_obs_counterfactual_dest0 ef_obs_co
> unterfactual_deor0 pearsonstat if annee_obs==1881 & cylin==1 

    Variable |       Obs        Mean    Std. Dev.       Min        Max
-------------+--------------------------------------------------------
      ef_obs |        81        .293    .0647916       .195       .566
ef_obs_pre~t |        81    .2884521    .0321998   .2432842   .4084408
ef_obs_co~i0 |        81    .2954693    .0347827   .2521943   .4225383
ef_obs_co~t0 |        81    .3052912    .0352943   .2570862   .4171102
ef_obs_co~r0 |        81    .3127303    .0380846   .2638167    .430483
-------------+--------------------------------------------------------
 pearsonstat |        81     .817269           0    .817269    .817269

. sum ef_obs ef_obs_predict ef_obs_counterfactual_ori0 ef_obs_counterfactual_dest0 ef_obs_co
> unterfactual_deor0 pearsonstat if annee_obs==1891 & cylin==1 

    Variable |       Obs        Mean    Std. Dev.       Min        Max
-------------+--------------------------------------------------------
      ef_obs |        81    .2537037    .0488604        .16       .446
ef_obs_pre~t |        81    .2504166    .0233318   .2118144   .3396579
ef_obs_co~i0 |        81    .2732597     .027429   .2360897   .3868624
ef_obs_co~t0 |        81    .2752516    .0276645   .2334951   .3527364
ef_obs_co~r0 |        81    .3004354     .032915   .2602552   .4113733
-------------+--------------------------------------------------------
 pearsonstat |        81    .5617036           0   .5617036   .5617036

. sum ef_obs ef_obs_predict ef_obs_counterfactual_ori0 ef_obs_counterfactual_dest0 ef_obs_co
> unterfactual_deor0 pearsonstat if annee_obs==1901 & cylin==1 

    Variable |       Obs        Mean    Std. Dev.       Min        Max
-------------+--------------------------------------------------------
      ef_obs |        81    .2536173    .0429536       .179       .416
ef_obs_pre~t |        81    .2511323    .0209743   .2220164   .3402227
ef_obs_co~i0 |        81    .2720159    .0246081   .2385802   .3851173
ef_obs_co~t0 |        81    .2761344    .0256077   .2362177   .3559281
ef_obs_co~r0 |        81    .2991636    .0303633   .2567061   .4070316
-------------+--------------------------------------------------------
 pearsonstat |        81    .5342689           0   .5342689   .5342689

. sum ef_obs ef_obs_predict ef_obs_counterfactual_ori0 ef_obs_counterfactual_dest0 ef_obs_co
> unterfactual_deor0 pearsonstat if annee_obs==1911 & cylin==1 

    Variable |       Obs        Mean    Std. Dev.       Min        Max
-------------+--------------------------------------------------------
      ef_obs |        81    .2437037    .0366587       .158       .339
ef_obs_pre~t |        81    .2413239    .0129007   .2023122   .2739941
ef_obs_co~i0 |        81    .2652702    .0161819   .2390785   .3217035
ef_obs_co~t0 |        81    .2660888     .017449    .234217   .3233583
ef_obs_co~r0 |        81    .2927086    .0242216   .2541957   .3792355
-------------+--------------------------------------------------------
 pearsonstat |        81    .4293444           0   .4293444   .4293444

. log close
      name:  <unnamed>
       log:  C:\Users\USER\Documents\Migrations\data\predict\sum_TRAR_t_p_P_migr_lin_varbadc
> ontrols_counterfactual1861.log
  log type:  text
 closed on:  18 Oct 2014, 13:42:45
--------------------------------------------------------------------------------------------
