--------------------------------------------------------------------------------------------
      name:  <unnamed>
       log:  C:\Users\USER\Documents\Migrations\data\predict\sum_TRAR_f_o_P_migr_lin_varbadc
> ontrols_counterfactual1861.log
  log type:  text
 opened on:  18 Oct 2014, 13:42:45

. use "C:\Users\USER\Documents\Migrations\data\predict\TRAR_f_o_P_migr_lin_varbadcontrols_co
> unterfactual1861\TRAR_predict1861.dta", clear
(data TRAR sexe f paris P instrument o pondŽration lin norme migr)

. do "C:\Users\USER\Documents\Migrations\data\predict\summary statistics counterfactual\pear
> son.do"

.  keep if cylin==1
(53 observations deleted)

.  sort annee_obs

.  by annee_obs: egen pearsonstat=sum((ef_obs_predict-ef_obs)^2/ef_obs_predict)

.  
. 
end of do-file

. sum ef_obs ef_obs_predict ef_obs_counterfactual_ori0 ef_obs_counterfactual_dest0 ef_obs_co
> unterfactual_deor0 pearsonstat if annee_obs==1861 & cylin==1 

    Variable |       Obs        Mean    Std. Dev.       Min        Max
-------------+--------------------------------------------------------
      ef_obs |        81    .3104938    .0605839       .205       .478
ef_obs_pre~t |        81    .3077761    .0440509   .2377002   .4623117
ef_obs_co~i0 |        81    .3077761    .0440509   .2377002   .4623117
ef_obs_co~t0 |        81    .3077761    .0440509   .2377002   .4623117
ef_obs_co~r0 |        81    .3077761    .0440509   .2377002   .4623117
-------------+--------------------------------------------------------
 pearsonstat |        81    .5293287           0   .5293287   .5293287

. sum ef_obs ef_obs_predict ef_obs_counterfactual_ori0 ef_obs_counterfactual_dest0 ef_obs_co
> unterfactual_deor0 pearsonstat if annee_obs==1871 & cylin==1 

    Variable |       Obs        Mean    Std. Dev.       Min        Max
-------------+--------------------------------------------------------
      ef_obs |        81    .2871358    .0632024       .175         .5
ef_obs_pre~t |        81     .282027    .0292705   .2289428   .3732249
ef_obs_co~i0 |        81     .279514    .0302194   .2319657   .3967647
ef_obs_co~t0 |        81    .2921789    .0306666   .2390398   .3796477
ef_obs_co~r0 |        81    .2895578     .031413    .242196   .4035926
-------------+--------------------------------------------------------
 pearsonstat |        81    .7776725           0   .7776725   .7776725

. sum ef_obs ef_obs_predict ef_obs_counterfactual_ori0 ef_obs_counterfactual_dest0 ef_obs_co
> unterfactual_deor0 pearsonstat if annee_obs==1881 & cylin==1 

    Variable |       Obs        Mean    Std. Dev.       Min        Max
-------------+--------------------------------------------------------
      ef_obs |        81        .293    .0647916       .195       .566
ef_obs_pre~t |        81    .2881968    .0294701   .2450832   .4076772
ef_obs_co~i0 |        81    .2809361    .0310282   .2404298   .4150433
ef_obs_co~t0 |        81    .2973938    .0311383   .2527498   .4119489
ef_obs_co~r0 |        81    .2899048    .0326763   .2479509   .4193922
-------------+--------------------------------------------------------
 pearsonstat |        81    .8115295           0   .8115295   .8115295

. sum ef_obs ef_obs_predict ef_obs_counterfactual_ori0 ef_obs_counterfactual_dest0 ef_obs_co
> unterfactual_deor0 pearsonstat if annee_obs==1891 & cylin==1 

    Variable |       Obs        Mean    Std. Dev.       Min        Max
-------------+--------------------------------------------------------
      ef_obs |        81    .2537037    .0488604        .16       .446
ef_obs_pre~t |        81     .250031    .0183978   .2265998   .3073413
ef_obs_co~i0 |        81    .2476499    .0232422    .219314   .3533354
ef_obs_co~t0 |        81    .2626694    .0204579   .2317742   .3262418
ef_obs_co~r0 |        81     .260175    .0253069   .2232995   .3645762
-------------+--------------------------------------------------------
 pearsonstat |        81    .5469545           0   .5469545   .5469545

. sum ef_obs ef_obs_predict ef_obs_counterfactual_ori0 ef_obs_counterfactual_dest0 ef_obs_co
> unterfactual_deor0 pearsonstat if annee_obs==1901 & cylin==1 

    Variable |       Obs        Mean    Std. Dev.       Min        Max
-------------+--------------------------------------------------------
      ef_obs |        81    .2536173    .0429536       .179       .416
ef_obs_pre~t |        81    .2507523    .0152194    .229837   .3121724
ef_obs_co~i0 |        81    .2458294    .0214857   .2184938   .3645379
ef_obs_co~t0 |        81     .265515    .0173474    .235569    .321754
ef_obs_co~r0 |        81    .2603103    .0235205   .2239429   .3757268
-------------+--------------------------------------------------------
 pearsonstat |        81    .5466917           0   .5466917   .5466917

. sum ef_obs ef_obs_predict ef_obs_counterfactual_ori0 ef_obs_counterfactual_dest0 ef_obs_co
> unterfactual_deor0 pearsonstat if annee_obs==1911 & cylin==1 

    Variable |       Obs        Mean    Std. Dev.       Min        Max
-------------+--------------------------------------------------------
      ef_obs |        81    .2437037    .0366587       .158       .339
ef_obs_pre~t |        81    .2411008     .007645   .2261727   .2640528
ef_obs_co~i0 |        81    .2385948     .014633   .2246667   .3281457
ef_obs_co~t0 |        81    .2570451    .0100377   .2313634   .2828945
ef_obs_co~r0 |        81    .2543925    .0168863   .2332893    .345668
-------------+--------------------------------------------------------
 pearsonstat |        81    .4572316           0   .4572316   .4572316

. log close
      name:  <unnamed>
       log:  C:\Users\USER\Documents\Migrations\data\predict\sum_TRAR_f_o_P_migr_lin_varbadc
> ontrols_counterfactual1861.log
  log type:  text
 closed on:  18 Oct 2014, 13:42:45
--------------------------------------------------------------------------------------------
